Looking for git in: git
Using git 2.25.1 from git
> git rev-parse --git-dir
Open repository: /home/kellyclarkk/hyperblog
> git status -z -u
> git symbolic-ref --short HEAD
> git for-each-ref --format=%(refname)%00%(upstream:short)%00%(objectname)%00%(upstream:track) refs/heads/master refs/remotes/master
> git for-each-ref --sort -committerdate --format %(refname) %(objectname) %(*objectname)
> git remote --verbose
Warning: Failed to watch ref '/home/kellyclarkk/hyperblog/.git/refs/remotes/origin/master', is most likely packed.
> git config --get commit.template
> git check-ignore -v -z --stdin
> git show --textconv :blogpost.html
> git ls-files --stage -- /home/kellyclarkk/hyperblog/blogpost.html
> git cat-file -s 168d19d230092b8cf2adc2786610555cf33c616a
> git status -z -u
> git symbolic-ref --short HEAD
> git for-each-ref --format=%(refname)%00%(upstream:short)%00%(objectname)%00%(upstream:track) refs/heads/master refs/remotes/master
> git for-each-ref --sort -committerdate --format %(refname) %(objectname) %(*objectname)
> git remote --verbose
Warning: Failed to watch ref '/home/kellyclarkk/hyperblog/.git/refs/remotes/origin/master', is most likely packed.
> git config --get commit.template
