[2021-07-08 10:59:08.319] [exthost] [info] extension host started
[2021-07-08 10:59:08.501] [exthost] [info] ExtensionService#_doActivateExtension vscode.emmet {"startup":false,"extensionId":{"value":"vscode.emmet","_lower":"vscode.emmet"},"activationEvent":"onLanguage:html"}
[2021-07-08 10:59:08.503] [exthost] [info] ExtensionService#loadCommonJSModule file:///home/kellyclarkk/.vscode-server/bin/507ce72a4466fbb27b715c3722558bb15afa9f48/extensions/emmet/dist/node/emmetNodeMain
[2021-07-08 10:59:08.542] [exthost] [info] ExtensionService#_doActivateExtension vscode.html-language-features {"startup":false,"extensionId":{"value":"vscode.html-language-features","_lower":"vscode.html-language-features"},"activationEvent":"onLanguage:html"}
[2021-07-08 10:59:08.545] [exthost] [info] ExtensionService#loadCommonJSModule file:///home/kellyclarkk/.vscode-server/bin/507ce72a4466fbb27b715c3722558bb15afa9f48/extensions/html-language-features/client/dist/node/htmlClientMain
[2021-07-08 10:59:08.630] [exthost] [info] ExtensionService#_doActivateExtension vscode.debug-auto-launch {"startup":true,"extensionId":{"value":"vscode.debug-auto-launch","_lower":"vscode.debug-auto-launch"},"activationEvent":"*"}
[2021-07-08 10:59:08.630] [exthost] [info] ExtensionService#loadCommonJSModule file:///home/kellyclarkk/.vscode-server/bin/507ce72a4466fbb27b715c3722558bb15afa9f48/extensions/debug-auto-launch/dist/extension
[2021-07-08 10:59:08.637] [exthost] [info] ExtensionService#_doActivateExtension vscode.git {"startup":true,"extensionId":{"value":"vscode.github","_lower":"vscode.github"},"activationEvent":"*"}
[2021-07-08 10:59:08.637] [exthost] [info] ExtensionService#loadCommonJSModule file:///home/kellyclarkk/.vscode-server/bin/507ce72a4466fbb27b715c3722558bb15afa9f48/extensions/git/dist/main
[2021-07-08 10:59:09.029] [exthost] [info] ExtensionService#_doActivateExtension vscode.github {"startup":true,"extensionId":{"value":"vscode.github","_lower":"vscode.github"},"activationEvent":"*"}
[2021-07-08 10:59:09.030] [exthost] [info] ExtensionService#loadCommonJSModule file:///home/kellyclarkk/.vscode-server/bin/507ce72a4466fbb27b715c3722558bb15afa9f48/extensions/github/dist/extension.js
[2021-07-08 10:59:09.244] [exthost] [info] ExtensionService#_doActivateExtension vscode.merge-conflict {"startup":false,"extensionId":{"value":"vscode.merge-conflict","_lower":"vscode.merge-conflict"},"activationEvent":"onStartupFinished"}
[2021-07-08 10:59:09.244] [exthost] [info] ExtensionService#loadCommonJSModule file:///home/kellyclarkk/.vscode-server/bin/507ce72a4466fbb27b715c3722558bb15afa9f48/extensions/merge-conflict/dist/mergeConflictMain
[2021-07-08 10:59:09.258] [exthost] [info] ExtensionService#_doActivateExtension vscode.testing-editor-contributions {"startup":false,"extensionId":{"value":"vscode.testing-editor-contributions","_lower":"vscode.testing-editor-contributions"},"activationEvent":"onStartupFinished"}
[2021-07-08 10:59:09.259] [exthost] [info] ExtensionService#loadCommonJSModule file:///home/kellyclarkk/.vscode-server/bin/507ce72a4466fbb27b715c3722558bb15afa9f48/extensions/testing-editor-contributions/dist/extension.js
[2021-07-08 10:59:09.262] [exthost] [info] eager extensions activated
[2021-07-08 10:59:09.329] [exthost] [info] ExtensionService#_doActivateExtension ms-vscode.js-debug {"startup":false,"extensionId":{"value":"ms-vscode.js-debug","_lower":"ms-vscode.js-debug"},"activationEvent":"onCommand:extension.js-debug.clearAutoAttachVariables"}
[2021-07-08 10:59:09.329] [exthost] [info] ExtensionService#loadCommonJSModule file:///home/kellyclarkk/.vscode-server/bin/507ce72a4466fbb27b715c3722558bb15afa9f48/extensions/ms-vscode.js-debug/src/extension.js
[2021-07-08 10:59:13.970] [exthost] [info] extension host terminating: received terminate message from renderer
[2021-07-08 10:59:15.101] [exthost] [info] exiting with code 0
