Looking for git in: git
Using git 2.25.1 from git
> git rev-parse --git-dir
Open repository: /home/kellyclarkk
> git status -z -u
> git symbolic-ref --short HEAD
> git for-each-ref --format=%(refname)%00%(upstream:short)%00%(objectname)%00%(upstream:track) refs/heads/master refs/remotes/master
> git for-each-ref --sort -committerdate --format %(refname) %(objectname) %(*objectname)
> git remote --verbose
> git check-ignore -v -z --stdin
> git config --get commit.template
> git check-ignore -v -z --stdin
> git show --textconv :README.md
> git ls-files --stage -- /home/kellyclarkk/README.md
> git cat-file -s fbd4b3fb7f49dd20fa846c5f10ecbee59f9d4397
> git status -z -u
> git symbolic-ref --short HEAD
> git for-each-ref --format=%(refname)%00%(upstream:short)%00%(objectname)%00%(upstream:track) refs/heads/master refs/remotes/master
> git for-each-ref --sort -committerdate --format %(refname) %(objectname) %(*objectname)
> git remote --verbose
> git config --get commit.template
